users-management:7 [Intervention]Images loaded lazily and replaced with placeholders. Load events are deferred. See https://go.microsoft.com/fwlink/?linkid=2048113
0e0fa96e5dd5f27a.js:1 [SidebarProvider] Sidebar aberta
users-management:1  Access to fetch at 'https://volvix.com.br/api/access/users' from origin 'https://access.volvix.com.br' has been blocked by CORS policy: Response to preflight request doesn't pass access control check: Redirect is not allowed for a preflight request.
2b6ef7af6d655e3c.js:1   GET https://volvix.com.br/api/access/users net::ERR_FAILED
ez @ 2b6ef7af6d655e3c.js:1
e$ @ 2b6ef7af6d655e3c.js:1
eD.revalidateOnFocus @ 2b6ef7af6d655e3c.js:1
(anônimo) @ 2b6ef7af6d655e3c.js:1
(anônimo) @ 2b6ef7af6d655e3c.js:1
(anônimo) @ 2b6ef7af6d655e3c.js:1
ic @ 2faed39a7e8622d7.js:19
iJ @ 2faed39a7e8622d7.js:19
un @ 2faed39a7e8622d7.js:19
iJ @ 2faed39a7e8622d7.js:19
un @ 2faed39a7e8622d7.js:19
iJ @ 2faed39a7e8622d7.js:19
un @ 2faed39a7e8622d7.js:19
iJ @ 2faed39a7e8622d7.js:19
un @ 2faed39a7e8622d7.js:19
iJ @ 2faed39a7e8622d7.js:19
un @ 2faed39a7e8622d7.js:19
iJ @ 2faed39a7e8622d7.js:19
un @ 2faed39a7e8622d7.js:19
iJ @ 2faed39a7e8622d7.js:19
un @ 2faed39a7e8622d7.js:19
iJ @ 2faed39a7e8622d7.js:19
un @ 2faed39a7e8622d7.js:19
iJ @ 2faed39a7e8622d7.js:19
un @ 2faed39a7e8622d7.js:19
iJ @ 2faed39a7e8622d7.js:19
un @ 2faed39a7e8622d7.js:19
iJ @ 2faed39a7e8622d7.js:19
un @ 2faed39a7e8622d7.js:19
iJ @ 2faed39a7e8622d7.js:19
un @ 2faed39a7e8622d7.js:19
iJ @ 2faed39a7e8622d7.js:19
un @ 2faed39a7e8622d7.js:19
iJ @ 2faed39a7e8622d7.js:19
un @ 2faed39a7e8622d7.js:19
iJ @ 2faed39a7e8622d7.js:19
un @ 2faed39a7e8622d7.js:19
iJ @ 2faed39a7e8622d7.js:19
un @ 2faed39a7e8622d7.js:19
iJ @ 2faed39a7e8622d7.js:19
un @ 2faed39a7e8622d7.js:19
iJ @ 2faed39a7e8622d7.js:19
un @ 2faed39a7e8622d7.js:19
iJ @ 2faed39a7e8622d7.js:19
un @ 2faed39a7e8622d7.js:19
iJ @ 2faed39a7e8622d7.js:19
un @ 2faed39a7e8622d7.js:19
iJ @ 2faed39a7e8622d7.js:19
un @ 2faed39a7e8622d7.js:19
iJ @ 2faed39a7e8622d7.js:19
un @ 2faed39a7e8622d7.js:19
iJ @ 2faed39a7e8622d7.js:19
un @ 2faed39a7e8622d7.js:19
iJ @ 2faed39a7e8622d7.js:19
un @ 2faed39a7e8622d7.js:19
iJ @ 2faed39a7e8622d7.js:19
un @ 2faed39a7e8622d7.js:19
iJ @ 2faed39a7e8622d7.js:19
un @ 2faed39a7e8622d7.js:19
iJ @ 2faed39a7e8622d7.js:19
un @ 2faed39a7e8622d7.js:19
iJ @ 2faed39a7e8622d7.js:19
un @ 2faed39a7e8622d7.js:19
iJ @ 2faed39a7e8622d7.js:19
un @ 2faed39a7e8622d7.js:19
iJ @ 2faed39a7e8622d7.js:19
un @ 2faed39a7e8622d7.js:19
iJ @ 2faed39a7e8622d7.js:19
un @ 2faed39a7e8622d7.js:19
iJ @ 2faed39a7e8622d7.js:19
un @ 2faed39a7e8622d7.js:19
iJ @ 2faed39a7e8622d7.js:19
un @ 2faed39a7e8622d7.js:19
iJ @ 2faed39a7e8622d7.js:19
un @ 2faed39a7e8622d7.js:19
iJ @ 2faed39a7e8622d7.js:19
un @ 2faed39a7e8622d7.js:19
iJ @ 2faed39a7e8622d7.js:19
un @ 2faed39a7e8622d7.js:19
iJ @ 2faed39a7e8622d7.js:19
un @ 2faed39a7e8622d7.js:19
iJ @ 2faed39a7e8622d7.js:19
un @ 2faed39a7e8622d7.js:19
iJ @ 2faed39a7e8622d7.js:19
un @ 2faed39a7e8622d7.js:19
iJ @ 2faed39a7e8622d7.js:19
un @ 2faed39a7e8622d7.js:19
iJ @ 2faed39a7e8622d7.js:19
un @ 2faed39a7e8622d7.js:19
iJ @ 2faed39a7e8622d7.js:19
un @ 2faed39a7e8622d7.js:19
iJ @ 2faed39a7e8622d7.js:19
un @ 2faed39a7e8622d7.js:19
iJ @ 2faed39a7e8622d7.js:19
un @ 2faed39a7e8622d7.js:19
iJ @ 2faed39a7e8622d7.js:19
un @ 2faed39a7e8622d7.js:19
iJ @ 2faed39a7e8622d7.js:19
un @ 2faed39a7e8622d7.js:19
iJ @ 2faed39a7e8622d7.js:19
un @ 2faed39a7e8622d7.js:19
iJ @ 2faed39a7e8622d7.js:19
un @ 2faed39a7e8622d7.js:19
iJ @ 2faed39a7e8622d7.js:19
un @ 2faed39a7e8622d7.js:19
iJ @ 2faed39a7e8622d7.js:19
un @ 2faed39a7e8622d7.js:19
iJ @ 2faed39a7e8622d7.js:19
un @ 2faed39a7e8622d7.js:19
iJ @ 2faed39a7e8622d7.js:19
un @ 2faed39a7e8622d7.js:19
iJ @ 2faed39a7e8622d7.js:19
un @ 2faed39a7e8622d7.js:19
iJ @ 2faed39a7e8622d7.js:19
un @ 2faed39a7e8622d7.js:19
iJ @ 2faed39a7e8622d7.js:19
un @ 2faed39a7e8622d7.js:19
iJ @ 2faed39a7e8622d7.js:19
un @ 2faed39a7e8622d7.js:19
iJ @ 2faed39a7e8622d7.js:19
un @ 2faed39a7e8622d7.js:19
iJ @ 2faed39a7e8622d7.js:19
un @ 2faed39a7e8622d7.js:19
iJ @ 2faed39a7e8622d7.js:19
un @ 2faed39a7e8622d7.js:19
iJ @ 2faed39a7e8622d7.js:19
un @ 2faed39a7e8622d7.js:19
iJ @ 2faed39a7e8622d7.js:19
un @ 2faed39a7e8622d7.js:19
iJ @ 2faed39a7e8622d7.js:19
un @ 2faed39a7e8622d7.js:19
iJ @ 2faed39a7e8622d7.js:19
un @ 2faed39a7e8622d7.js:19
iJ @ 2faed39a7e8622d7.js:19
un @ 2faed39a7e8622d7.js:19
iJ @ 2faed39a7e8622d7.js:19
un @ 2faed39a7e8622d7.js:19
iJ @ 2faed39a7e8622d7.js:19
un @ 2faed39a7e8622d7.js:19
iJ @ 2faed39a7e8622d7.js:19
un @ 2faed39a7e8622d7.js:19
iJ @ 2faed39a7e8622d7.js:19
un @ 2faed39a7e8622d7.js:19
iJ @ 2faed39a7e8622d7.js:19
un @ 2faed39a7e8622d7.js:19
iJ @ 2faed39a7e8622d7.js:19
un @ 2faed39a7e8622d7.js:19
iJ @ 2faed39a7e8622d7.js:19
un @ 2faed39a7e8622d7.js:19
iJ @ 2faed39a7e8622d7.js:19
un @ 2faed39a7e8622d7.js:19
iJ @ 2faed39a7e8622d7.js:19
un @ 2faed39a7e8622d7.js:19
iJ @ 2faed39a7e8622d7.js:19
un @ 2faed39a7e8622d7.js:19
iJ @ 2faed39a7e8622d7.js:19
sm @ 2faed39a7e8622d7.js:19
sc @ 2faed39a7e8622d7.js:19
u4 @ 2faed39a7e8622d7.js:19
u3 @ 2faed39a7e8622d7.js:19
sR @ 2faed39a7e8622d7.js:19
O @ 2faed39a7e8622d7.js:19
users-management:1  Access to fetch at 'https://volvix.com.br/api/access/auth/session/refresh' from origin 'https://access.volvix.com.br' has been blocked by CORS policy: No 'Access-Control-Allow-Origin' header is present on the requested resource.
b1836738c85b44f4.js:1   POST https://volvix.com.br/api/access/auth/session/refresh net::ERR_FAILED 307 (Temporary Redirect)
r @ b1836738c85b44f4.js:1
(anônimo) @ b1836738c85b44f4.js:1
(anônimo) @ b1836738c85b44f4.js:1
ic @ 2faed39a7e8622d7.js:19
uo @ 2faed39a7e8622d7.js:19
ua @ 2faed39a7e8622d7.js:19
uo @ 2faed39a7e8622d7.js:19
ua @ 2faed39a7e8622d7.js:19
uo @ 2faed39a7e8622d7.js:19
ua @ 2faed39a7e8622d7.js:19
uo @ 2faed39a7e8622d7.js:19
ua @ 2faed39a7e8622d7.js:19
uo @ 2faed39a7e8622d7.js:19
ua @ 2faed39a7e8622d7.js:19
uo @ 2faed39a7e8622d7.js:19
ua @ 2faed39a7e8622d7.js:19
uo @ 2faed39a7e8622d7.js:19
ua @ 2faed39a7e8622d7.js:19
uo @ 2faed39a7e8622d7.js:19
ua @ 2faed39a7e8622d7.js:19
uo @ 2faed39a7e8622d7.js:19
ua @ 2faed39a7e8622d7.js:19
uo @ 2faed39a7e8622d7.js:19
ua @ 2faed39a7e8622d7.js:19
uo @ 2faed39a7e8622d7.js:19
ua @ 2faed39a7e8622d7.js:19
uo @ 2faed39a7e8622d7.js:19
ua @ 2faed39a7e8622d7.js:19
uo @ 2faed39a7e8622d7.js:19
ua @ 2faed39a7e8622d7.js:19
uo @ 2faed39a7e8622d7.js:19
ua @ 2faed39a7e8622d7.js:19
uo @ 2faed39a7e8622d7.js:19
ua @ 2faed39a7e8622d7.js:19
uo @ 2faed39a7e8622d7.js:19
ua @ 2faed39a7e8622d7.js:19
uo @ 2faed39a7e8622d7.js:19
ua @ 2faed39a7e8622d7.js:19
uo @ 2faed39a7e8622d7.js:19
ua @ 2faed39a7e8622d7.js:19
uo @ 2faed39a7e8622d7.js:19
ua @ 2faed39a7e8622d7.js:19
uo @ 2faed39a7e8622d7.js:19
ua @ 2faed39a7e8622d7.js:19
uo @ 2faed39a7e8622d7.js:19
ua @ 2faed39a7e8622d7.js:19
uo @ 2faed39a7e8622d7.js:19
ua @ 2faed39a7e8622d7.js:19
uo @ 2faed39a7e8622d7.js:19
ua @ 2faed39a7e8622d7.js:19
uo @ 2faed39a7e8622d7.js:19
ua @ 2faed39a7e8622d7.js:19
uo @ 2faed39a7e8622d7.js:19
ua @ 2faed39a7e8622d7.js:19
uo @ 2faed39a7e8622d7.js:19
ua @ 2faed39a7e8622d7.js:19
uo @ 2faed39a7e8622d7.js:19
ua @ 2faed39a7e8622d7.js:19
uo @ 2faed39a7e8622d7.js:19
ua @ 2faed39a7e8622d7.js:19
uo @ 2faed39a7e8622d7.js:19
sy @ 2faed39a7e8622d7.js:19
(anônimo) @ 2faed39a7e8622d7.js:19
O @ 2faed39a7e8622d7.js:19
b1836738c85b44f4.js:1  [Syncro] Error refreshing session: TypeError: Failed to fetch
    at r (b1836738c85b44f4.js:1:977)
    at b1836738c85b44f4.js:1:1469
    at b1836738c85b44f4.js:1:1474
    at ic (2faed39a7e8622d7.js:19:100230)
    at uo (2faed39a7e8622d7.js:19:124067)
    at ua (2faed39a7e8622d7.js:19:123729)
    at uo (2faed39a7e8622d7.js:19:124112)
    at ua (2faed39a7e8622d7.js:19:123729)
    at uo (2faed39a7e8622d7.js:19:124047)
    at ua (2faed39a7e8622d7.js:19:123729)
overrideMethod @ hook.js:608
r @ b1836738c85b44f4.js:1
await in r
(anônimo) @ b1836738c85b44f4.js:1
(anônimo) @ b1836738c85b44f4.js:1
ic @ 2faed39a7e8622d7.js:19
uo @ 2faed39a7e8622d7.js:19
ua @ 2faed39a7e8622d7.js:19
uo @ 2faed39a7e8622d7.js:19
ua @ 2faed39a7e8622d7.js:19
uo @ 2faed39a7e8622d7.js:19
ua @ 2faed39a7e8622d7.js:19
uo @ 2faed39a7e8622d7.js:19
ua @ 2faed39a7e8622d7.js:19
uo @ 2faed39a7e8622d7.js:19
ua @ 2faed39a7e8622d7.js:19
uo @ 2faed39a7e8622d7.js:19
ua @ 2faed39a7e8622d7.js:19
uo @ 2faed39a7e8622d7.js:19
ua @ 2faed39a7e8622d7.js:19
uo @ 2faed39a7e8622d7.js:19
ua @ 2faed39a7e8622d7.js:19
uo @ 2faed39a7e8622d7.js:19
ua @ 2faed39a7e8622d7.js:19
uo @ 2faed39a7e8622d7.js:19
ua @ 2faed39a7e8622d7.js:19
uo @ 2faed39a7e8622d7.js:19
ua @ 2faed39a7e8622d7.js:19
uo @ 2faed39a7e8622d7.js:19
ua @ 2faed39a7e8622d7.js:19
uo @ 2faed39a7e8622d7.js:19
ua @ 2faed39a7e8622d7.js:19
uo @ 2faed39a7e8622d7.js:19
ua @ 2faed39a7e8622d7.js:19
uo @ 2faed39a7e8622d7.js:19
ua @ 2faed39a7e8622d7.js:19
uo @ 2faed39a7e8622d7.js:19
ua @ 2faed39a7e8622d7.js:19
uo @ 2faed39a7e8622d7.js:19
ua @ 2faed39a7e8622d7.js:19
uo @ 2faed39a7e8622d7.js:19
ua @ 2faed39a7e8622d7.js:19
uo @ 2faed39a7e8622d7.js:19
ua @ 2faed39a7e8622d7.js:19
uo @ 2faed39a7e8622d7.js:19
ua @ 2faed39a7e8622d7.js:19
uo @ 2faed39a7e8622d7.js:19
ua @ 2faed39a7e8622d7.js:19
uo @ 2faed39a7e8622d7.js:19
ua @ 2faed39a7e8622d7.js:19
uo @ 2faed39a7e8622d7.js:19
ua @ 2faed39a7e8622d7.js:19
uo @ 2faed39a7e8622d7.js:19
ua @ 2faed39a7e8622d7.js:19
uo @ 2faed39a7e8622d7.js:19
ua @ 2faed39a7e8622d7.js:19
uo @ 2faed39a7e8622d7.js:19
ua @ 2faed39a7e8622d7.js:19
uo @ 2faed39a7e8622d7.js:19
ua @ 2faed39a7e8622d7.js:19
uo @ 2faed39a7e8622d7.js:19
ua @ 2faed39a7e8622d7.js:19
uo @ 2faed39a7e8622d7.js:19
sy @ 2faed39a7e8622d7.js:19
(anônimo) @ 2faed39a7e8622d7.js:19
O @ 2faed39a7e8622d7.js:19
users-management:1  Access to fetch at 'https://volvix.com.br/api/access/roles' from origin 'https://access.volvix.com.br' has been blocked by CORS policy: Response to preflight request doesn't pass access control check: Redirect is not allowed for a preflight request.
2b6ef7af6d655e3c.js:1   GET https://volvix.com.br/api/access/roles net::ERR_FAILED
ez @ 2b6ef7af6d655e3c.js:1
eG @ 2b6ef7af6d655e3c.js:1
eD.revalidateOnFocus @ 2b6ef7af6d655e3c.js:1
(anônimo) @ 2b6ef7af6d655e3c.js:1
(anônimo) @ 2b6ef7af6d655e3c.js:1
(anônimo) @ 2b6ef7af6d655e3c.js:1
ic @ 2faed39a7e8622d7.js:19
iJ @ 2faed39a7e8622d7.js:19
un @ 2faed39a7e8622d7.js:19
iJ @ 2faed39a7e8622d7.js:19
un @ 2faed39a7e8622d7.js:19
iJ @ 2faed39a7e8622d7.js:19
un @ 2faed39a7e8622d7.js:19
iJ @ 2faed39a7e8622d7.js:19
un @ 2faed39a7e8622d7.js:19
iJ @ 2faed39a7e8622d7.js:19
un @ 2faed39a7e8622d7.js:19
iJ @ 2faed39a7e8622d7.js:19
un @ 2faed39a7e8622d7.js:19
iJ @ 2faed39a7e8622d7.js:19
un @ 2faed39a7e8622d7.js:19
iJ @ 2faed39a7e8622d7.js:19
un @ 2faed39a7e8622d7.js:19
iJ @ 2faed39a7e8622d7.js:19
un @ 2faed39a7e8622d7.js:19
iJ @ 2faed39a7e8622d7.js:19
un @ 2faed39a7e8622d7.js:19
iJ @ 2faed39a7e8622d7.js:19
un @ 2faed39a7e8622d7.js:19
iJ @ 2faed39a7e8622d7.js:19
un @ 2faed39a7e8622d7.js:19
iJ @ 2faed39a7e8622d7.js:19
un @ 2faed39a7e8622d7.js:19
iJ @ 2faed39a7e8622d7.js:19
un @ 2faed39a7e8622d7.js:19
iJ @ 2faed39a7e8622d7.js:19
un @ 2faed39a7e8622d7.js:19
iJ @ 2faed39a7e8622d7.js:19
un @ 2faed39a7e8622d7.js:19
iJ @ 2faed39a7e8622d7.js:19
un @ 2faed39a7e8622d7.js:19
iJ @ 2faed39a7e8622d7.js:19
un @ 2faed39a7e8622d7.js:19
iJ @ 2faed39a7e8622d7.js:19
un @ 2faed39a7e8622d7.js:19
iJ @ 2faed39a7e8622d7.js:19
un @ 2faed39a7e8622d7.js:19
iJ @ 2faed39a7e8622d7.js:19
un @ 2faed39a7e8622d7.js:19
iJ @ 2faed39a7e8622d7.js:19
un @ 2faed39a7e8622d7.js:19
iJ @ 2faed39a7e8622d7.js:19
un @ 2faed39a7e8622d7.js:19
iJ @ 2faed39a7e8622d7.js:19
un @ 2faed39a7e8622d7.js:19
iJ @ 2faed39a7e8622d7.js:19
un @ 2faed39a7e8622d7.js:19
iJ @ 2faed39a7e8622d7.js:19
un @ 2faed39a7e8622d7.js:19
iJ @ 2faed39a7e8622d7.js:19
un @ 2faed39a7e8622d7.js:19
iJ @ 2faed39a7e8622d7.js:19
un @ 2faed39a7e8622d7.js:19
iJ @ 2faed39a7e8622d7.js:19
un @ 2faed39a7e8622d7.js:19
iJ @ 2faed39a7e8622d7.js:19
un @ 2faed39a7e8622d7.js:19
iJ @ 2faed39a7e8622d7.js:19
un @ 2faed39a7e8622d7.js:19
iJ @ 2faed39a7e8622d7.js:19
un @ 2faed39a7e8622d7.js:19
iJ @ 2faed39a7e8622d7.js:19
un @ 2faed39a7e8622d7.js:19
iJ @ 2faed39a7e8622d7.js:19
un @ 2faed39a7e8622d7.js:19
iJ @ 2faed39a7e8622d7.js:19
un @ 2faed39a7e8622d7.js:19
iJ @ 2faed39a7e8622d7.js:19
un @ 2faed39a7e8622d7.js:19
iJ @ 2faed39a7e8622d7.js:19
un @ 2faed39a7e8622d7.js:19
iJ @ 2faed39a7e8622d7.js:19
un @ 2faed39a7e8622d7.js:19
iJ @ 2faed39a7e8622d7.js:19
un @ 2faed39a7e8622d7.js:19
iJ @ 2faed39a7e8622d7.js:19
un @ 2faed39a7e8622d7.js:19
iJ @ 2faed39a7e8622d7.js:19
un @ 2faed39a7e8622d7.js:19
iJ @ 2faed39a7e8622d7.js:19
un @ 2faed39a7e8622d7.js:19
iJ @ 2faed39a7e8622d7.js:19
un @ 2faed39a7e8622d7.js:19
iJ @ 2faed39a7e8622d7.js:19
un @ 2faed39a7e8622d7.js:19
iJ @ 2faed39a7e8622d7.js:19
un @ 2faed39a7e8622d7.js:19
iJ @ 2faed39a7e8622d7.js:19
un @ 2faed39a7e8622d7.js:19
iJ @ 2faed39a7e8622d7.js:19
un @ 2faed39a7e8622d7.js:19
iJ @ 2faed39a7e8622d7.js:19
un @ 2faed39a7e8622d7.js:19
iJ @ 2faed39a7e8622d7.js:19
un @ 2faed39a7e8622d7.js:19
iJ @ 2faed39a7e8622d7.js:19
un @ 2faed39a7e8622d7.js:19
iJ @ 2faed39a7e8622d7.js:19
un @ 2faed39a7e8622d7.js:19
iJ @ 2faed39a7e8622d7.js:19
un @ 2faed39a7e8622d7.js:19
iJ @ 2faed39a7e8622d7.js:19
un @ 2faed39a7e8622d7.js:19
iJ @ 2faed39a7e8622d7.js:19
un @ 2faed39a7e8622d7.js:19
iJ @ 2faed39a7e8622d7.js:19
un @ 2faed39a7e8622d7.js:19
iJ @ 2faed39a7e8622d7.js:19
un @ 2faed39a7e8622d7.js:19
iJ @ 2faed39a7e8622d7.js:19
un @ 2faed39a7e8622d7.js:19
iJ @ 2faed39a7e8622d7.js:19
un @ 2faed39a7e8622d7.js:19
iJ @ 2faed39a7e8622d7.js:19
un @ 2faed39a7e8622d7.js:19
iJ @ 2faed39a7e8622d7.js:19
un @ 2faed39a7e8622d7.js:19
iJ @ 2faed39a7e8622d7.js:19
un @ 2faed39a7e8622d7.js:19
iJ @ 2faed39a7e8622d7.js:19
un @ 2faed39a7e8622d7.js:19
iJ @ 2faed39a7e8622d7.js:19
un @ 2faed39a7e8622d7.js:19
iJ @ 2faed39a7e8622d7.js:19
un @ 2faed39a7e8622d7.js:19
iJ @ 2faed39a7e8622d7.js:19
un @ 2faed39a7e8622d7.js:19
iJ @ 2faed39a7e8622d7.js:19
un @ 2faed39a7e8622d7.js:19
iJ @ 2faed39a7e8622d7.js:19
un @ 2faed39a7e8622d7.js:19
iJ @ 2faed39a7e8622d7.js:19
un @ 2faed39a7e8622d7.js:19
iJ @ 2faed39a7e8622d7.js:19
un @ 2faed39a7e8622d7.js:19
iJ @ 2faed39a7e8622d7.js:19
un @ 2faed39a7e8622d7.js:19
iJ @ 2faed39a7e8622d7.js:19
un @ 2faed39a7e8622d7.js:19
iJ @ 2faed39a7e8622d7.js:19
un @ 2faed39a7e8622d7.js:19
iJ @ 2faed39a7e8622d7.js:19
un @ 2faed39a7e8622d7.js:19
iJ @ 2faed39a7e8622d7.js:19
un @ 2faed39a7e8622d7.js:19
iJ @ 2faed39a7e8622d7.js:19
un @ 2faed39a7e8622d7.js:19
iJ @ 2faed39a7e8622d7.js:19
un @ 2faed39a7e8622d7.js:19
iJ @ 2faed39a7e8622d7.js:19
un @ 2faed39a7e8622d7.js:19
iJ @ 2faed39a7e8622d7.js:19
sm @ 2faed39a7e8622d7.js:19
sc @ 2faed39a7e8622d7.js:19
u4 @ 2faed39a7e8622d7.js:19
u3 @ 2faed39a7e8622d7.js:19
sA @ 2faed39a7e8622d7.js:19
sM @ 2faed39a7e8622d7.js:19
sF @ 2faed39a7e8622d7.js:19
(anônimo) @ 2faed39a7e8622d7.js:19
users-management:1  Access to fetch at 'https://volvix.com.br/api/access/companies' from origin 'https://access.volvix.com.br' has been blocked by CORS policy: Response to preflight request doesn't pass access control check: Redirect is not allowed for a preflight request.
2b6ef7af6d655e3c.js:1   GET https://volvix.com.br/api/access/companies net::ERR_FAILED
ez @ 2b6ef7af6d655e3c.js:1
e0 @ 2b6ef7af6d655e3c.js:1
eD.revalidateOnFocus @ 2b6ef7af6d655e3c.js:1
(anônimo) @ 2b6ef7af6d655e3c.js:1
(anônimo) @ 2b6ef7af6d655e3c.js:1
(anônimo) @ 2b6ef7af6d655e3c.js:1
ic @ 2faed39a7e8622d7.js:19
iJ @ 2faed39a7e8622d7.js:19
un @ 2faed39a7e8622d7.js:19
iJ @ 2faed39a7e8622d7.js:19
un @ 2faed39a7e8622d7.js:19
iJ @ 2faed39a7e8622d7.js:19
un @ 2faed39a7e8622d7.js:19
iJ @ 2faed39a7e8622d7.js:19
un @ 2faed39a7e8622d7.js:19
iJ @ 2faed39a7e8622d7.js:19
un @ 2faed39a7e8622d7.js:19
iJ @ 2faed39a7e8622d7.js:19
un @ 2faed39a7e8622d7.js:19
iJ @ 2faed39a7e8622d7.js:19
un @ 2faed39a7e8622d7.js:19
iJ @ 2faed39a7e8622d7.js:19
un @ 2faed39a7e8622d7.js:19
iJ @ 2faed39a7e8622d7.js:19
un @ 2faed39a7e8622d7.js:19
iJ @ 2faed39a7e8622d7.js:19
un @ 2faed39a7e8622d7.js:19
iJ @ 2faed39a7e8622d7.js:19
un @ 2faed39a7e8622d7.js:19
iJ @ 2faed39a7e8622d7.js:19
un @ 2faed39a7e8622d7.js:19
iJ @ 2faed39a7e8622d7.js:19
un @ 2faed39a7e8622d7.js:19
iJ @ 2faed39a7e8622d7.js:19
un @ 2faed39a7e8622d7.js:19
iJ @ 2faed39a7e8622d7.js:19
un @ 2faed39a7e8622d7.js:19
iJ @ 2faed39a7e8622d7.js:19
un @ 2faed39a7e8622d7.js:19
iJ @ 2faed39a7e8622d7.js:19
un @ 2faed39a7e8622d7.js:19
iJ @ 2faed39a7e8622d7.js:19
un @ 2faed39a7e8622d7.js:19
iJ @ 2faed39a7e8622d7.js:19
un @ 2faed39a7e8622d7.js:19
iJ @ 2faed39a7e8622d7.js:19
un @ 2faed39a7e8622d7.js:19
iJ @ 2faed39a7e8622d7.js:19
un @ 2faed39a7e8622d7.js:19
iJ @ 2faed39a7e8622d7.js:19
un @ 2faed39a7e8622d7.js:19
iJ @ 2faed39a7e8622d7.js:19
un @ 2faed39a7e8622d7.js:19
iJ @ 2faed39a7e8622d7.js:19
un @ 2faed39a7e8622d7.js:19
iJ @ 2faed39a7e8622d7.js:19
un @ 2faed39a7e8622d7.js:19
iJ @ 2faed39a7e8622d7.js:19
un @ 2faed39a7e8622d7.js:19
iJ @ 2faed39a7e8622d7.js:19
un @ 2faed39a7e8622d7.js:19
iJ @ 2faed39a7e8622d7.js:19
un @ 2faed39a7e8622d7.js:19
iJ @ 2faed39a7e8622d7.js:19
un @ 2faed39a7e8622d7.js:19
iJ @ 2faed39a7e8622d7.js:19
un @ 2faed39a7e8622d7.js:19
iJ @ 2faed39a7e8622d7.js:19
un @ 2faed39a7e8622d7.js:19
iJ @ 2faed39a7e8622d7.js:19
un @ 2faed39a7e8622d7.js:19
iJ @ 2faed39a7e8622d7.js:19
un @ 2faed39a7e8622d7.js:19
iJ @ 2faed39a7e8622d7.js:19
un @ 2faed39a7e8622d7.js:19
iJ @ 2faed39a7e8622d7.js:19
un @ 2faed39a7e8622d7.js:19
iJ @ 2faed39a7e8622d7.js:19
un @ 2faed39a7e8622d7.js:19
iJ @ 2faed39a7e8622d7.js:19
un @ 2faed39a7e8622d7.js:19
iJ @ 2faed39a7e8622d7.js:19
un @ 2faed39a7e8622d7.js:19
iJ @ 2faed39a7e8622d7.js:19
un @ 2faed39a7e8622d7.js:19
iJ @ 2faed39a7e8622d7.js:19
un @ 2faed39a7e8622d7.js:19
iJ @ 2faed39a7e8622d7.js:19
un @ 2faed39a7e8622d7.js:19
iJ @ 2faed39a7e8622d7.js:19
un @ 2faed39a7e8622d7.js:19
iJ @ 2faed39a7e8622d7.js:19
un @ 2faed39a7e8622d7.js:19
iJ @ 2faed39a7e8622d7.js:19
un @ 2faed39a7e8622d7.js:19
iJ @ 2faed39a7e8622d7.js:19
un @ 2faed39a7e8622d7.js:19
iJ @ 2faed39a7e8622d7.js:19
un @ 2faed39a7e8622d7.js:19
iJ @ 2faed39a7e8622d7.js:19
un @ 2faed39a7e8622d7.js:19
iJ @ 2faed39a7e8622d7.js:19
un @ 2faed39a7e8622d7.js:19
iJ @ 2faed39a7e8622d7.js:19
un @ 2faed39a7e8622d7.js:19
iJ @ 2faed39a7e8622d7.js:19
un @ 2faed39a7e8622d7.js:19
iJ @ 2faed39a7e8622d7.js:19
un @ 2faed39a7e8622d7.js:19
iJ @ 2faed39a7e8622d7.js:19
un @ 2faed39a7e8622d7.js:19
iJ @ 2faed39a7e8622d7.js:19
un @ 2faed39a7e8622d7.js:19
iJ @ 2faed39a7e8622d7.js:19
un @ 2faed39a7e8622d7.js:19
iJ @ 2faed39a7e8622d7.js:19
un @ 2faed39a7e8622d7.js:19
iJ @ 2faed39a7e8622d7.js:19
un @ 2faed39a7e8622d7.js:19
iJ @ 2faed39a7e8622d7.js:19
un @ 2faed39a7e8622d7.js:19
iJ @ 2faed39a7e8622d7.js:19
un @ 2faed39a7e8622d7.js:19
iJ @ 2faed39a7e8622d7.js:19
un @ 2faed39a7e8622d7.js:19
iJ @ 2faed39a7e8622d7.js:19
un @ 2faed39a7e8622d7.js:19
iJ @ 2faed39a7e8622d7.js:19
un @ 2faed39a7e8622d7.js:19
iJ @ 2faed39a7e8622d7.js:19
un @ 2faed39a7e8622d7.js:19
iJ @ 2faed39a7e8622d7.js:19
un @ 2faed39a7e8622d7.js:19
iJ @ 2faed39a7e8622d7.js:19
un @ 2faed39a7e8622d7.js:19
iJ @ 2faed39a7e8622d7.js:19
un @ 2faed39a7e8622d7.js:19
iJ @ 2faed39a7e8622d7.js:19
un @ 2faed39a7e8622d7.js:19
iJ @ 2faed39a7e8622d7.js:19
un @ 2faed39a7e8622d7.js:19
iJ @ 2faed39a7e8622d7.js:19
un @ 2faed39a7e8622d7.js:19
iJ @ 2faed39a7e8622d7.js:19
un @ 2faed39a7e8622d7.js:19
iJ @ 2faed39a7e8622d7.js:19
un @ 2faed39a7e8622d7.js:19
iJ @ 2faed39a7e8622d7.js:19
un @ 2faed39a7e8622d7.js:19
iJ @ 2faed39a7e8622d7.js:19
un @ 2faed39a7e8622d7.js:19
iJ @ 2faed39a7e8622d7.js:19
un @ 2faed39a7e8622d7.js:19
iJ @ 2faed39a7e8622d7.js:19
un @ 2faed39a7e8622d7.js:19
iJ @ 2faed39a7e8622d7.js:19
un @ 2faed39a7e8622d7.js:19
iJ @ 2faed39a7e8622d7.js:19
un @ 2faed39a7e8622d7.js:19
iJ @ 2faed39a7e8622d7.js:19
un @ 2faed39a7e8622d7.js:19
iJ @ 2faed39a7e8622d7.js:19
sm @ 2faed39a7e8622d7.js:19
sc @ 2faed39a7e8622d7.js:19
u4 @ 2faed39a7e8622d7.js:19
u3 @ 2faed39a7e8622d7.js:19
sA @ 2faed39a7e8622d7.js:19
sM @ 2faed39a7e8622d7.js:19
sF @ 2faed39a7e8622d7.js:19
(anônimo) @ 2faed39a7e8622d7.js:19
bbb02d507403318a.js:1   GET https://access.volvix.com.br/app/settings?_rsc=19qqx 404 (Not Found)
m @ bbb02d507403318a.js:1
ee @ 0e6379e6a59a786c.js:1
Y @ 0e6379e6a59a786c.js:1
(anônimo) @ 0e6379e6a59a786c.js:1
(anônimo) @ 0e6379e6a59a786c.js:1
M @ 0e6379e6a59a786c.js:1
bbb02d507403318a.js:1   GET https://access.volvix.com.br/app/help?_rsc=19qqx 404 (Not Found)
m @ bbb02d507403318a.js:1
ee @ 0e6379e6a59a786c.js:1
Y @ 0e6379e6a59a786c.js:1
(anônimo) @ 0e6379e6a59a786c.js:1
(anônimo) @ 0e6379e6a59a786c.js:1
M @ 0e6379e6a59a786c.js:1
users-management:1  Access to fetch at 'https://volvix.com.br/api/access/roles' from origin 'https://access.volvix.com.br' has been blocked by CORS policy: Response to preflight request doesn't pass access control check: Redirect is not allowed for a preflight request.
2b6ef7af6d655e3c.js:1   GET https://volvix.com.br/api/access/roles net::ERR_FAILED
ez @ 2b6ef7af6d655e3c.js:1
eG @ 2b6ef7af6d655e3c.js:1
eD.revalidateOnFocus @ 2b6ef7af6d655e3c.js:1
(anônimo) @ 2b6ef7af6d655e3c.js:1
(anônimo) @ 2b6ef7af6d655e3c.js:1
e @ 2b6ef7af6d655e3c.js:1
e.isPaused.e.onErrorRetry.retryCount @ 2b6ef7af6d655e3c.js:1
setTimeout
onErrorRetry @ 2b6ef7af6d655e3c.js:1
(anônimo) @ 2b6ef7af6d655e3c.js:1
await in (anônimo)
(anônimo) @ 2b6ef7af6d655e3c.js:1
ic @ 2faed39a7e8622d7.js:19
iJ @ 2faed39a7e8622d7.js:19
un @ 2faed39a7e8622d7.js:19
iJ @ 2faed39a7e8622d7.js:19
un @ 2faed39a7e8622d7.js:19
iJ @ 2faed39a7e8622d7.js:19
un @ 2faed39a7e8622d7.js:19
iJ @ 2faed39a7e8622d7.js:19
un @ 2faed39a7e8622d7.js:19
iJ @ 2faed39a7e8622d7.js:19
un @ 2faed39a7e8622d7.js:19
iJ @ 2faed39a7e8622d7.js:19
un @ 2faed39a7e8622d7.js:19
iJ @ 2faed39a7e8622d7.js:19
un @ 2faed39a7e8622d7.js:19
iJ @ 2faed39a7e8622d7.js:19
un @ 2faed39a7e8622d7.js:19
iJ @ 2faed39a7e8622d7.js:19
un @ 2faed39a7e8622d7.js:19
iJ @ 2faed39a7e8622d7.js:19
un @ 2faed39a7e8622d7.js:19
iJ @ 2faed39a7e8622d7.js:19
un @ 2faed39a7e8622d7.js:19
iJ @ 2faed39a7e8622d7.js:19
un @ 2faed39a7e8622d7.js:19
iJ @ 2faed39a7e8622d7.js:19
un @ 2faed39a7e8622d7.js:19
iJ @ 2faed39a7e8622d7.js:19
un @ 2faed39a7e8622d7.js:19
iJ @ 2faed39a7e8622d7.js:19
un @ 2faed39a7e8622d7.js:19
iJ @ 2faed39a7e8622d7.js:19
un @ 2faed39a7e8622d7.js:19
iJ @ 2faed39a7e8622d7.js:19
un @ 2faed39a7e8622d7.js:19
iJ @ 2faed39a7e8622d7.js:19
un @ 2faed39a7e8622d7.js:19
iJ @ 2faed39a7e8622d7.js:19
un @ 2faed39a7e8622d7.js:19
iJ @ 2faed39a7e8622d7.js:19
un @ 2faed39a7e8622d7.js:19
iJ @ 2faed39a7e8622d7.js:19
un @ 2faed39a7e8622d7.js:19
iJ @ 2faed39a7e8622d7.js:19
un @ 2faed39a7e8622d7.js:19
iJ @ 2faed39a7e8622d7.js:19
un @ 2faed39a7e8622d7.js:19
iJ @ 2faed39a7e8622d7.js:19
un @ 2faed39a7e8622d7.js:19
iJ @ 2faed39a7e8622d7.js:19
un @ 2faed39a7e8622d7.js:19
iJ @ 2faed39a7e8622d7.js:19
un @ 2faed39a7e8622d7.js:19
iJ @ 2faed39a7e8622d7.js:19
un @ 2faed39a7e8622d7.js:19
iJ @ 2faed39a7e8622d7.js:19
un @ 2faed39a7e8622d7.js:19
iJ @ 2faed39a7e8622d7.js:19
un @ 2faed39a7e8622d7.js:19
iJ @ 2faed39a7e8622d7.js:19
un @ 2faed39a7e8622d7.js:19
iJ @ 2faed39a7e8622d7.js:19
un @ 2faed39a7e8622d7.js:19
iJ @ 2faed39a7e8622d7.js:19
un @ 2faed39a7e8622d7.js:19
iJ @ 2faed39a7e8622d7.js:19
un @ 2faed39a7e8622d7.js:19
iJ @ 2faed39a7e8622d7.js:19
un @ 2faed39a7e8622d7.js:19
iJ @ 2faed39a7e8622d7.js:19
un @ 2faed39a7e8622d7.js:19
iJ @ 2faed39a7e8622d7.js:19
un @ 2faed39a7e8622d7.js:19
iJ @ 2faed39a7e8622d7.js:19
un @ 2faed39a7e8622d7.js:19
iJ @ 2faed39a7e8622d7.js:19
un @ 2faed39a7e8622d7.js:19
iJ @ 2faed39a7e8622d7.js:19
un @ 2faed39a7e8622d7.js:19
iJ @ 2faed39a7e8622d7.js:19
un @ 2faed39a7e8622d7.js:19
iJ @ 2faed39a7e8622d7.js:19
un @ 2faed39a7e8622d7.js:19
iJ @ 2faed39a7e8622d7.js:19
un @ 2faed39a7e8622d7.js:19
iJ @ 2faed39a7e8622d7.js:19
un @ 2faed39a7e8622d7.js:19
iJ @ 2faed39a7e8622d7.js:19
un @ 2faed39a7e8622d7.js:19
iJ @ 2faed39a7e8622d7.js:19
un @ 2faed39a7e8622d7.js:19
iJ @ 2faed39a7e8622d7.js:19
un @ 2faed39a7e8622d7.js:19
iJ @ 2faed39a7e8622d7.js:19
un @ 2faed39a7e8622d7.js:19
iJ @ 2faed39a7e8622d7.js:19
un @ 2faed39a7e8622d7.js:19
iJ @ 2faed39a7e8622d7.js:19
un @ 2faed39a7e8622d7.js:19
iJ @ 2faed39a7e8622d7.js:19
un @ 2faed39a7e8622d7.js:19
iJ @ 2faed39a7e8622d7.js:19
un @ 2faed39a7e8622d7.js:19
iJ @ 2faed39a7e8622d7.js:19
un @ 2faed39a7e8622d7.js:19
iJ @ 2faed39a7e8622d7.js:19
un @ 2faed39a7e8622d7.js:19
iJ @ 2faed39a7e8622d7.js:19
un @ 2faed39a7e8622d7.js:19
iJ @ 2faed39a7e8622d7.js:19
un @ 2faed39a7e8622d7.js:19
iJ @ 2faed39a7e8622d7.js:19
un @ 2faed39a7e8622d7.js:19
iJ @ 2faed39a7e8622d7.js:19
un @ 2faed39a7e8622d7.js:19
iJ @ 2faed39a7e8622d7.js:19
un @ 2faed39a7e8622d7.js:19
iJ @ 2faed39a7e8622d7.js:19
un @ 2faed39a7e8622d7.js:19
iJ @ 2faed39a7e8622d7.js:19
un @ 2faed39a7e8622d7.js:19
iJ @ 2faed39a7e8622d7.js:19
un @ 2faed39a7e8622d7.js:19
iJ @ 2faed39a7e8622d7.js:19
un @ 2faed39a7e8622d7.js:19
iJ @ 2faed39a7e8622d7.js:19
un @ 2faed39a7e8622d7.js:19
iJ @ 2faed39a7e8622d7.js:19
un @ 2faed39a7e8622d7.js:19
iJ @ 2faed39a7e8622d7.js:19
un @ 2faed39a7e8622d7.js:19
iJ @ 2faed39a7e8622d7.js:19
un @ 2faed39a7e8622d7.js:19
iJ @ 2faed39a7e8622d7.js:19
un @ 2faed39a7e8622d7.js:19
iJ @ 2faed39a7e8622d7.js:19
un @ 2faed39a7e8622d7.js:19
iJ @ 2faed39a7e8622d7.js:19
un @ 2faed39a7e8622d7.js:19
iJ @ 2faed39a7e8622d7.js:19
un @ 2faed39a7e8622d7.js:19
iJ @ 2faed39a7e8622d7.js:19
un @ 2faed39a7e8622d7.js:19
iJ @ 2faed39a7e8622d7.js:19
un @ 2faed39a7e8622d7.js:19
iJ @ 2faed39a7e8622d7.js:19
un @ 2faed39a7e8622d7.js:19
iJ @ 2faed39a7e8622d7.js:19
un @ 2faed39a7e8622d7.js:19
iJ @ 2faed39a7e8622d7.js:19
un @ 2faed39a7e8622d7.js:19
iJ @ 2faed39a7e8622d7.js:19
un @ 2faed39a7e8622d7.js:19
iJ @ 2faed39a7e8622d7.js:19
un @ 2faed39a7e8622d7.js:19
iJ @ 2faed39a7e8622d7.js:19
sm @ 2faed39a7e8622d7.js:19
sc @ 2faed39a7e8622d7.js:19
u4 @ 2faed39a7e8622d7.js:19
u3 @ 2faed39a7e8622d7.js:19
sA @ 2faed39a7e8622d7.js:19
sM @ 2faed39a7e8622d7.js:19
sF @ 2faed39a7e8622d7.js:19
(anônimo) @ 2faed39a7e8622d7.js:19
