users-management:7 [Intervention]Images loaded lazily and replaced with placeholders. Load events are deferred. See https://go.microsoft.com/fwlink/?linkid=2048113
0e0fa96e5dd5f27a.js:1 [SidebarProvider] Sidebar aberta
57ed86115c31d155.js:1   GET https://access.volvix.com.br/api/access/users 401 (Unauthorized)
ez @ 57ed86115c31d155.js:1
eU @ 57ed86115c31d155.js:1
eD.revalidateOnFocus @ 57ed86115c31d155.js:1
(anônimo) @ 57ed86115c31d155.js:1
(anônimo) @ 57ed86115c31d155.js:1
(anônimo) @ 57ed86115c31d155.js:1
ic @ 2faed39a7e8622d7.js:19
iJ @ 2faed39a7e8622d7.js:19
un @ 2faed39a7e8622d7.js:19
iJ @ 2faed39a7e8622d7.js:19
un @ 2faed39a7e8622d7.js:19
iJ @ 2faed39a7e8622d7.js:19
un @ 2faed39a7e8622d7.js:19
iJ @ 2faed39a7e8622d7.js:19
un @ 2faed39a7e8622d7.js:19
iJ @ 2faed39a7e8622d7.js:19
un @ 2faed39a7e8622d7.js:19
iJ @ 2faed39a7e8622d7.js:19
un @ 2faed39a7e8622d7.js:19
iJ @ 2faed39a7e8622d7.js:19
un @ 2faed39a7e8622d7.js:19
iJ @ 2faed39a7e8622d7.js:19
un @ 2faed39a7e8622d7.js:19
iJ @ 2faed39a7e8622d7.js:19
un @ 2faed39a7e8622d7.js:19
iJ @ 2faed39a7e8622d7.js:19
un @ 2faed39a7e8622d7.js:19
iJ @ 2faed39a7e8622d7.js:19
un @ 2faed39a7e8622d7.js:19
iJ @ 2faed39a7e8622d7.js:19
un @ 2faed39a7e8622d7.js:19
iJ @ 2faed39a7e8622d7.js:19
un @ 2faed39a7e8622d7.js:19
iJ @ 2faed39a7e8622d7.js:19
un @ 2faed39a7e8622d7.js:19
iJ @ 2faed39a7e8622d7.js:19
un @ 2faed39a7e8622d7.js:19
iJ @ 2faed39a7e8622d7.js:19
un @ 2faed39a7e8622d7.js:19
iJ @ 2faed39a7e8622d7.js:19
un @ 2faed39a7e8622d7.js:19
iJ @ 2faed39a7e8622d7.js:19
un @ 2faed39a7e8622d7.js:19
iJ @ 2faed39a7e8622d7.js:19
un @ 2faed39a7e8622d7.js:19
iJ @ 2faed39a7e8622d7.js:19
un @ 2faed39a7e8622d7.js:19
iJ @ 2faed39a7e8622d7.js:19
un @ 2faed39a7e8622d7.js:19
iJ @ 2faed39a7e8622d7.js:19
un @ 2faed39a7e8622d7.js:19
iJ @ 2faed39a7e8622d7.js:19
un @ 2faed39a7e8622d7.js:19
iJ @ 2faed39a7e8622d7.js:19
un @ 2faed39a7e8622d7.js:19
iJ @ 2faed39a7e8622d7.js:19
un @ 2faed39a7e8622d7.js:19
iJ @ 2faed39a7e8622d7.js:19
un @ 2faed39a7e8622d7.js:19
iJ @ 2faed39a7e8622d7.js:19
un @ 2faed39a7e8622d7.js:19
iJ @ 2faed39a7e8622d7.js:19
un @ 2faed39a7e8622d7.js:19
iJ @ 2faed39a7e8622d7.js:19
un @ 2faed39a7e8622d7.js:19
iJ @ 2faed39a7e8622d7.js:19
un @ 2faed39a7e8622d7.js:19
iJ @ 2faed39a7e8622d7.js:19
un @ 2faed39a7e8622d7.js:19
iJ @ 2faed39a7e8622d7.js:19
un @ 2faed39a7e8622d7.js:19
iJ @ 2faed39a7e8622d7.js:19
un @ 2faed39a7e8622d7.js:19
iJ @ 2faed39a7e8622d7.js:19
un @ 2faed39a7e8622d7.js:19
iJ @ 2faed39a7e8622d7.js:19
un @ 2faed39a7e8622d7.js:19
iJ @ 2faed39a7e8622d7.js:19
un @ 2faed39a7e8622d7.js:19
iJ @ 2faed39a7e8622d7.js:19
un @ 2faed39a7e8622d7.js:19
iJ @ 2faed39a7e8622d7.js:19
un @ 2faed39a7e8622d7.js:19
iJ @ 2faed39a7e8622d7.js:19
un @ 2faed39a7e8622d7.js:19
iJ @ 2faed39a7e8622d7.js:19
un @ 2faed39a7e8622d7.js:19
iJ @ 2faed39a7e8622d7.js:19
un @ 2faed39a7e8622d7.js:19
iJ @ 2faed39a7e8622d7.js:19
un @ 2faed39a7e8622d7.js:19
iJ @ 2faed39a7e8622d7.js:19
un @ 2faed39a7e8622d7.js:19
iJ @ 2faed39a7e8622d7.js:19
un @ 2faed39a7e8622d7.js:19
iJ @ 2faed39a7e8622d7.js:19
un @ 2faed39a7e8622d7.js:19
iJ @ 2faed39a7e8622d7.js:19
un @ 2faed39a7e8622d7.js:19
iJ @ 2faed39a7e8622d7.js:19
un @ 2faed39a7e8622d7.js:19
iJ @ 2faed39a7e8622d7.js:19
un @ 2faed39a7e8622d7.js:19
iJ @ 2faed39a7e8622d7.js:19
un @ 2faed39a7e8622d7.js:19
iJ @ 2faed39a7e8622d7.js:19
un @ 2faed39a7e8622d7.js:19
iJ @ 2faed39a7e8622d7.js:19
un @ 2faed39a7e8622d7.js:19
iJ @ 2faed39a7e8622d7.js:19
un @ 2faed39a7e8622d7.js:19
iJ @ 2faed39a7e8622d7.js:19
un @ 2faed39a7e8622d7.js:19
iJ @ 2faed39a7e8622d7.js:19
un @ 2faed39a7e8622d7.js:19
iJ @ 2faed39a7e8622d7.js:19
un @ 2faed39a7e8622d7.js:19
iJ @ 2faed39a7e8622d7.js:19
un @ 2faed39a7e8622d7.js:19
iJ @ 2faed39a7e8622d7.js:19
un @ 2faed39a7e8622d7.js:19
iJ @ 2faed39a7e8622d7.js:19
un @ 2faed39a7e8622d7.js:19
iJ @ 2faed39a7e8622d7.js:19
un @ 2faed39a7e8622d7.js:19
iJ @ 2faed39a7e8622d7.js:19
un @ 2faed39a7e8622d7.js:19
iJ @ 2faed39a7e8622d7.js:19
un @ 2faed39a7e8622d7.js:19
iJ @ 2faed39a7e8622d7.js:19
un @ 2faed39a7e8622d7.js:19
iJ @ 2faed39a7e8622d7.js:19
un @ 2faed39a7e8622d7.js:19
iJ @ 2faed39a7e8622d7.js:19
un @ 2faed39a7e8622d7.js:19
iJ @ 2faed39a7e8622d7.js:19
un @ 2faed39a7e8622d7.js:19
iJ @ 2faed39a7e8622d7.js:19
un @ 2faed39a7e8622d7.js:19
iJ @ 2faed39a7e8622d7.js:19
un @ 2faed39a7e8622d7.js:19
iJ @ 2faed39a7e8622d7.js:19
un @ 2faed39a7e8622d7.js:19
iJ @ 2faed39a7e8622d7.js:19
un @ 2faed39a7e8622d7.js:19
iJ @ 2faed39a7e8622d7.js:19
un @ 2faed39a7e8622d7.js:19
iJ @ 2faed39a7e8622d7.js:19
un @ 2faed39a7e8622d7.js:19
iJ @ 2faed39a7e8622d7.js:19
un @ 2faed39a7e8622d7.js:19
iJ @ 2faed39a7e8622d7.js:19
un @ 2faed39a7e8622d7.js:19
iJ @ 2faed39a7e8622d7.js:19
un @ 2faed39a7e8622d7.js:19
iJ @ 2faed39a7e8622d7.js:19
sm @ 2faed39a7e8622d7.js:19
sc @ 2faed39a7e8622d7.js:19
u4 @ 2faed39a7e8622d7.js:19
u3 @ 2faed39a7e8622d7.js:19
sR @ 2faed39a7e8622d7.js:19
O @ 2faed39a7e8622d7.js:19
bbb02d507403318a.js:1   GET https://access.volvix.com.br/app/help?_rsc=19qqx 404 (Not Found)
m @ bbb02d507403318a.js:1
ee @ 0e6379e6a59a786c.js:1
Y @ 0e6379e6a59a786c.js:1
(anônimo) @ 0e6379e6a59a786c.js:1
(anônimo) @ 0e6379e6a59a786c.js:1
M @ 0e6379e6a59a786c.js:1
57ed86115c31d155.js:1   GET https://access.volvix.com.br/api/access/companies 401 (Unauthorized)
ez @ 57ed86115c31d155.js:1
eX @ 57ed86115c31d155.js:1
eD.revalidateOnFocus @ 57ed86115c31d155.js:1
(anônimo) @ 57ed86115c31d155.js:1
(anônimo) @ 57ed86115c31d155.js:1
(anônimo) @ 57ed86115c31d155.js:1
ic @ 2faed39a7e8622d7.js:19
iJ @ 2faed39a7e8622d7.js:19
un @ 2faed39a7e8622d7.js:19
iJ @ 2faed39a7e8622d7.js:19
un @ 2faed39a7e8622d7.js:19
iJ @ 2faed39a7e8622d7.js:19
un @ 2faed39a7e8622d7.js:19
iJ @ 2faed39a7e8622d7.js:19
un @ 2faed39a7e8622d7.js:19
iJ @ 2faed39a7e8622d7.js:19
un @ 2faed39a7e8622d7.js:19
iJ @ 2faed39a7e8622d7.js:19
un @ 2faed39a7e8622d7.js:19
iJ @ 2faed39a7e8622d7.js:19
un @ 2faed39a7e8622d7.js:19
iJ @ 2faed39a7e8622d7.js:19
un @ 2faed39a7e8622d7.js:19
iJ @ 2faed39a7e8622d7.js:19
un @ 2faed39a7e8622d7.js:19
iJ @ 2faed39a7e8622d7.js:19
un @ 2faed39a7e8622d7.js:19
iJ @ 2faed39a7e8622d7.js:19
un @ 2faed39a7e8622d7.js:19
iJ @ 2faed39a7e8622d7.js:19
un @ 2faed39a7e8622d7.js:19
iJ @ 2faed39a7e8622d7.js:19
un @ 2faed39a7e8622d7.js:19
iJ @ 2faed39a7e8622d7.js:19
un @ 2faed39a7e8622d7.js:19
iJ @ 2faed39a7e8622d7.js:19
un @ 2faed39a7e8622d7.js:19
iJ @ 2faed39a7e8622d7.js:19
un @ 2faed39a7e8622d7.js:19
iJ @ 2faed39a7e8622d7.js:19
un @ 2faed39a7e8622d7.js:19
iJ @ 2faed39a7e8622d7.js:19
un @ 2faed39a7e8622d7.js:19
iJ @ 2faed39a7e8622d7.js:19
un @ 2faed39a7e8622d7.js:19
iJ @ 2faed39a7e8622d7.js:19
un @ 2faed39a7e8622d7.js:19
iJ @ 2faed39a7e8622d7.js:19
un @ 2faed39a7e8622d7.js:19
iJ @ 2faed39a7e8622d7.js:19
un @ 2faed39a7e8622d7.js:19
iJ @ 2faed39a7e8622d7.js:19
un @ 2faed39a7e8622d7.js:19
iJ @ 2faed39a7e8622d7.js:19
un @ 2faed39a7e8622d7.js:19
iJ @ 2faed39a7e8622d7.js:19
un @ 2faed39a7e8622d7.js:19
iJ @ 2faed39a7e8622d7.js:19
un @ 2faed39a7e8622d7.js:19
iJ @ 2faed39a7e8622d7.js:19
un @ 2faed39a7e8622d7.js:19
iJ @ 2faed39a7e8622d7.js:19
un @ 2faed39a7e8622d7.js:19
iJ @ 2faed39a7e8622d7.js:19
un @ 2faed39a7e8622d7.js:19
iJ @ 2faed39a7e8622d7.js:19
un @ 2faed39a7e8622d7.js:19
iJ @ 2faed39a7e8622d7.js:19
un @ 2faed39a7e8622d7.js:19
iJ @ 2faed39a7e8622d7.js:19
un @ 2faed39a7e8622d7.js:19
iJ @ 2faed39a7e8622d7.js:19
un @ 2faed39a7e8622d7.js:19
iJ @ 2faed39a7e8622d7.js:19
un @ 2faed39a7e8622d7.js:19
iJ @ 2faed39a7e8622d7.js:19
un @ 2faed39a7e8622d7.js:19
iJ @ 2faed39a7e8622d7.js:19
un @ 2faed39a7e8622d7.js:19
iJ @ 2faed39a7e8622d7.js:19
un @ 2faed39a7e8622d7.js:19
iJ @ 2faed39a7e8622d7.js:19
un @ 2faed39a7e8622d7.js:19
iJ @ 2faed39a7e8622d7.js:19
un @ 2faed39a7e8622d7.js:19
iJ @ 2faed39a7e8622d7.js:19
un @ 2faed39a7e8622d7.js:19
iJ @ 2faed39a7e8622d7.js:19
un @ 2faed39a7e8622d7.js:19
iJ @ 2faed39a7e8622d7.js:19
un @ 2faed39a7e8622d7.js:19
iJ @ 2faed39a7e8622d7.js:19
un @ 2faed39a7e8622d7.js:19
iJ @ 2faed39a7e8622d7.js:19
un @ 2faed39a7e8622d7.js:19
iJ @ 2faed39a7e8622d7.js:19
un @ 2faed39a7e8622d7.js:19
iJ @ 2faed39a7e8622d7.js:19
un @ 2faed39a7e8622d7.js:19
iJ @ 2faed39a7e8622d7.js:19
un @ 2faed39a7e8622d7.js:19
iJ @ 2faed39a7e8622d7.js:19
un @ 2faed39a7e8622d7.js:19
iJ @ 2faed39a7e8622d7.js:19
un @ 2faed39a7e8622d7.js:19
iJ @ 2faed39a7e8622d7.js:19
un @ 2faed39a7e8622d7.js:19
iJ @ 2faed39a7e8622d7.js:19
un @ 2faed39a7e8622d7.js:19
iJ @ 2faed39a7e8622d7.js:19
un @ 2faed39a7e8622d7.js:19
iJ @ 2faed39a7e8622d7.js:19
un @ 2faed39a7e8622d7.js:19
iJ @ 2faed39a7e8622d7.js:19
un @ 2faed39a7e8622d7.js:19
iJ @ 2faed39a7e8622d7.js:19
un @ 2faed39a7e8622d7.js:19
iJ @ 2faed39a7e8622d7.js:19
un @ 2faed39a7e8622d7.js:19
iJ @ 2faed39a7e8622d7.js:19
un @ 2faed39a7e8622d7.js:19
iJ @ 2faed39a7e8622d7.js:19
un @ 2faed39a7e8622d7.js:19
iJ @ 2faed39a7e8622d7.js:19
un @ 2faed39a7e8622d7.js:19
iJ @ 2faed39a7e8622d7.js:19
un @ 2faed39a7e8622d7.js:19
iJ @ 2faed39a7e8622d7.js:19
un @ 2faed39a7e8622d7.js:19
iJ @ 2faed39a7e8622d7.js:19
un @ 2faed39a7e8622d7.js:19
iJ @ 2faed39a7e8622d7.js:19
un @ 2faed39a7e8622d7.js:19
iJ @ 2faed39a7e8622d7.js:19
un @ 2faed39a7e8622d7.js:19
iJ @ 2faed39a7e8622d7.js:19
un @ 2faed39a7e8622d7.js:19
iJ @ 2faed39a7e8622d7.js:19
un @ 2faed39a7e8622d7.js:19
iJ @ 2faed39a7e8622d7.js:19
un @ 2faed39a7e8622d7.js:19
iJ @ 2faed39a7e8622d7.js:19
un @ 2faed39a7e8622d7.js:19
iJ @ 2faed39a7e8622d7.js:19
un @ 2faed39a7e8622d7.js:19
iJ @ 2faed39a7e8622d7.js:19
un @ 2faed39a7e8622d7.js:19
iJ @ 2faed39a7e8622d7.js:19
un @ 2faed39a7e8622d7.js:19
iJ @ 2faed39a7e8622d7.js:19
un @ 2faed39a7e8622d7.js:19
iJ @ 2faed39a7e8622d7.js:19
un @ 2faed39a7e8622d7.js:19
iJ @ 2faed39a7e8622d7.js:19
un @ 2faed39a7e8622d7.js:19
iJ @ 2faed39a7e8622d7.js:19
un @ 2faed39a7e8622d7.js:19
iJ @ 2faed39a7e8622d7.js:19
un @ 2faed39a7e8622d7.js:19
iJ @ 2faed39a7e8622d7.js:19
un @ 2faed39a7e8622d7.js:19
iJ @ 2faed39a7e8622d7.js:19
sm @ 2faed39a7e8622d7.js:19
sc @ 2faed39a7e8622d7.js:19
u4 @ 2faed39a7e8622d7.js:19
u3 @ 2faed39a7e8622d7.js:19
sA @ 2faed39a7e8622d7.js:19
sM @ 2faed39a7e8622d7.js:19
sF @ 2faed39a7e8622d7.js:19
(anônimo) @ 2faed39a7e8622d7.js:19
b7bd2725bbb73718.js:1   POST https://access.volvix.com.br/api/access/auth/session/refresh 500 (Internal Server Error)
o @ b7bd2725bbb73718.js:1
(anônimo) @ b7bd2725bbb73718.js:1
(anônimo) @ b7bd2725bbb73718.js:1
ic @ 2faed39a7e8622d7.js:19
uo @ 2faed39a7e8622d7.js:19
ua @ 2faed39a7e8622d7.js:19
uo @ 2faed39a7e8622d7.js:19
ua @ 2faed39a7e8622d7.js:19
uo @ 2faed39a7e8622d7.js:19
ua @ 2faed39a7e8622d7.js:19
uo @ 2faed39a7e8622d7.js:19
ua @ 2faed39a7e8622d7.js:19
uo @ 2faed39a7e8622d7.js:19
ua @ 2faed39a7e8622d7.js:19
uo @ 2faed39a7e8622d7.js:19
ua @ 2faed39a7e8622d7.js:19
uo @ 2faed39a7e8622d7.js:19
ua @ 2faed39a7e8622d7.js:19
uo @ 2faed39a7e8622d7.js:19
ua @ 2faed39a7e8622d7.js:19
uo @ 2faed39a7e8622d7.js:19
ua @ 2faed39a7e8622d7.js:19
uo @ 2faed39a7e8622d7.js:19
ua @ 2faed39a7e8622d7.js:19
uo @ 2faed39a7e8622d7.js:19
ua @ 2faed39a7e8622d7.js:19
uo @ 2faed39a7e8622d7.js:19
ua @ 2faed39a7e8622d7.js:19
uo @ 2faed39a7e8622d7.js:19
ua @ 2faed39a7e8622d7.js:19
uo @ 2faed39a7e8622d7.js:19
ua @ 2faed39a7e8622d7.js:19
uo @ 2faed39a7e8622d7.js:19
ua @ 2faed39a7e8622d7.js:19
uo @ 2faed39a7e8622d7.js:19
ua @ 2faed39a7e8622d7.js:19
uo @ 2faed39a7e8622d7.js:19
ua @ 2faed39a7e8622d7.js:19
uo @ 2faed39a7e8622d7.js:19
ua @ 2faed39a7e8622d7.js:19
uo @ 2faed39a7e8622d7.js:19
ua @ 2faed39a7e8622d7.js:19
uo @ 2faed39a7e8622d7.js:19
ua @ 2faed39a7e8622d7.js:19
uo @ 2faed39a7e8622d7.js:19
ua @ 2faed39a7e8622d7.js:19
uo @ 2faed39a7e8622d7.js:19
ua @ 2faed39a7e8622d7.js:19
uo @ 2faed39a7e8622d7.js:19
ua @ 2faed39a7e8622d7.js:19
uo @ 2faed39a7e8622d7.js:19
ua @ 2faed39a7e8622d7.js:19
uo @ 2faed39a7e8622d7.js:19
ua @ 2faed39a7e8622d7.js:19
uo @ 2faed39a7e8622d7.js:19
ua @ 2faed39a7e8622d7.js:19
uo @ 2faed39a7e8622d7.js:19
ua @ 2faed39a7e8622d7.js:19
uo @ 2faed39a7e8622d7.js:19
ua @ 2faed39a7e8622d7.js:19
uo @ 2faed39a7e8622d7.js:19
sy @ 2faed39a7e8622d7.js:19
(anônimo) @ 2faed39a7e8622d7.js:19
O @ 2faed39a7e8622d7.js:19
b7bd2725bbb73718.js:1  [Syncro] Failed to refresh session
overrideMethod @ hook.js:608
o @ b7bd2725bbb73718.js:1
await in o
(anônimo) @ b7bd2725bbb73718.js:1
(anônimo) @ b7bd2725bbb73718.js:1
ic @ 2faed39a7e8622d7.js:19
uo @ 2faed39a7e8622d7.js:19
ua @ 2faed39a7e8622d7.js:19
uo @ 2faed39a7e8622d7.js:19
ua @ 2faed39a7e8622d7.js:19
uo @ 2faed39a7e8622d7.js:19
ua @ 2faed39a7e8622d7.js:19
uo @ 2faed39a7e8622d7.js:19
ua @ 2faed39a7e8622d7.js:19
uo @ 2faed39a7e8622d7.js:19
ua @ 2faed39a7e8622d7.js:19
uo @ 2faed39a7e8622d7.js:19
ua @ 2faed39a7e8622d7.js:19
uo @ 2faed39a7e8622d7.js:19
ua @ 2faed39a7e8622d7.js:19
uo @ 2faed39a7e8622d7.js:19
ua @ 2faed39a7e8622d7.js:19
uo @ 2faed39a7e8622d7.js:19
ua @ 2faed39a7e8622d7.js:19
uo @ 2faed39a7e8622d7.js:19
ua @ 2faed39a7e8622d7.js:19
uo @ 2faed39a7e8622d7.js:19
ua @ 2faed39a7e8622d7.js:19
uo @ 2faed39a7e8622d7.js:19
ua @ 2faed39a7e8622d7.js:19
uo @ 2faed39a7e8622d7.js:19
ua @ 2faed39a7e8622d7.js:19
uo @ 2faed39a7e8622d7.js:19
ua @ 2faed39a7e8622d7.js:19
uo @ 2faed39a7e8622d7.js:19
ua @ 2faed39a7e8622d7.js:19
uo @ 2faed39a7e8622d7.js:19
ua @ 2faed39a7e8622d7.js:19
uo @ 2faed39a7e8622d7.js:19
ua @ 2faed39a7e8622d7.js:19
uo @ 2faed39a7e8622d7.js:19
ua @ 2faed39a7e8622d7.js:19
uo @ 2faed39a7e8622d7.js:19
ua @ 2faed39a7e8622d7.js:19
uo @ 2faed39a7e8622d7.js:19
ua @ 2faed39a7e8622d7.js:19
uo @ 2faed39a7e8622d7.js:19
ua @ 2faed39a7e8622d7.js:19
uo @ 2faed39a7e8622d7.js:19
ua @ 2faed39a7e8622d7.js:19
uo @ 2faed39a7e8622d7.js:19
ua @ 2faed39a7e8622d7.js:19
uo @ 2faed39a7e8622d7.js:19
ua @ 2faed39a7e8622d7.js:19
uo @ 2faed39a7e8622d7.js:19
ua @ 2faed39a7e8622d7.js:19
uo @ 2faed39a7e8622d7.js:19
ua @ 2faed39a7e8622d7.js:19
uo @ 2faed39a7e8622d7.js:19
ua @ 2faed39a7e8622d7.js:19
uo @ 2faed39a7e8622d7.js:19
ua @ 2faed39a7e8622d7.js:19
uo @ 2faed39a7e8622d7.js:19
sy @ 2faed39a7e8622d7.js:19
(anônimo) @ 2faed39a7e8622d7.js:19
O @ 2faed39a7e8622d7.js:19
bbb02d507403318a.js:1   GET https://access.volvix.com.br/app/settings?_rsc=19qqx 404 (Not Found)
m @ bbb02d507403318a.js:1
ee @ 0e6379e6a59a786c.js:1
Y @ 0e6379e6a59a786c.js:1
(anônimo) @ 0e6379e6a59a786c.js:1
(anônimo) @ 0e6379e6a59a786c.js:1
M @ 0e6379e6a59a786c.js:1
57ed86115c31d155.js:1   GET https://access.volvix.com.br/api/access/roles 401 (Unauthorized)
ez @ 57ed86115c31d155.js:1
eH @ 57ed86115c31d155.js:1
eD.revalidateOnFocus @ 57ed86115c31d155.js:1
(anônimo) @ 57ed86115c31d155.js:1
(anônimo) @ 57ed86115c31d155.js:1
(anônimo) @ 57ed86115c31d155.js:1
ic @ 2faed39a7e8622d7.js:19
iJ @ 2faed39a7e8622d7.js:19
un @ 2faed39a7e8622d7.js:19
iJ @ 2faed39a7e8622d7.js:19
un @ 2faed39a7e8622d7.js:19
iJ @ 2faed39a7e8622d7.js:19
un @ 2faed39a7e8622d7.js:19
iJ @ 2faed39a7e8622d7.js:19
un @ 2faed39a7e8622d7.js:19
iJ @ 2faed39a7e8622d7.js:19
un @ 2faed39a7e8622d7.js:19
iJ @ 2faed39a7e8622d7.js:19
un @ 2faed39a7e8622d7.js:19
iJ @ 2faed39a7e8622d7.js:19
un @ 2faed39a7e8622d7.js:19
iJ @ 2faed39a7e8622d7.js:19
un @ 2faed39a7e8622d7.js:19
iJ @ 2faed39a7e8622d7.js:19
un @ 2faed39a7e8622d7.js:19
iJ @ 2faed39a7e8622d7.js:19
un @ 2faed39a7e8622d7.js:19
iJ @ 2faed39a7e8622d7.js:19
un @ 2faed39a7e8622d7.js:19
iJ @ 2faed39a7e8622d7.js:19
un @ 2faed39a7e8622d7.js:19
iJ @ 2faed39a7e8622d7.js:19
un @ 2faed39a7e8622d7.js:19
iJ @ 2faed39a7e8622d7.js:19
un @ 2faed39a7e8622d7.js:19
iJ @ 2faed39a7e8622d7.js:19
un @ 2faed39a7e8622d7.js:19
iJ @ 2faed39a7e8622d7.js:19
un @ 2faed39a7e8622d7.js:19
iJ @ 2faed39a7e8622d7.js:19
un @ 2faed39a7e8622d7.js:19
iJ @ 2faed39a7e8622d7.js:19
un @ 2faed39a7e8622d7.js:19
iJ @ 2faed39a7e8622d7.js:19
un @ 2faed39a7e8622d7.js:19
iJ @ 2faed39a7e8622d7.js:19
un @ 2faed39a7e8622d7.js:19
iJ @ 2faed39a7e8622d7.js:19
un @ 2faed39a7e8622d7.js:19
iJ @ 2faed39a7e8622d7.js:19
un @ 2faed39a7e8622d7.js:19
iJ @ 2faed39a7e8622d7.js:19
un @ 2faed39a7e8622d7.js:19
iJ @ 2faed39a7e8622d7.js:19
un @ 2faed39a7e8622d7.js:19
iJ @ 2faed39a7e8622d7.js:19
un @ 2faed39a7e8622d7.js:19
iJ @ 2faed39a7e8622d7.js:19
un @ 2faed39a7e8622d7.js:19
iJ @ 2faed39a7e8622d7.js:19
un @ 2faed39a7e8622d7.js:19
iJ @ 2faed39a7e8622d7.js:19
un @ 2faed39a7e8622d7.js:19
iJ @ 2faed39a7e8622d7.js:19
un @ 2faed39a7e8622d7.js:19
iJ @ 2faed39a7e8622d7.js:19
un @ 2faed39a7e8622d7.js:19
iJ @ 2faed39a7e8622d7.js:19
un @ 2faed39a7e8622d7.js:19
iJ @ 2faed39a7e8622d7.js:19
un @ 2faed39a7e8622d7.js:19
iJ @ 2faed39a7e8622d7.js:19
un @ 2faed39a7e8622d7.js:19
iJ @ 2faed39a7e8622d7.js:19
un @ 2faed39a7e8622d7.js:19
iJ @ 2faed39a7e8622d7.js:19
un @ 2faed39a7e8622d7.js:19
iJ @ 2faed39a7e8622d7.js:19
un @ 2faed39a7e8622d7.js:19
iJ @ 2faed39a7e8622d7.js:19
un @ 2faed39a7e8622d7.js:19
iJ @ 2faed39a7e8622d7.js:19
un @ 2faed39a7e8622d7.js:19
iJ @ 2faed39a7e8622d7.js:19
un @ 2faed39a7e8622d7.js:19
iJ @ 2faed39a7e8622d7.js:19
un @ 2faed39a7e8622d7.js:19
iJ @ 2faed39a7e8622d7.js:19
un @ 2faed39a7e8622d7.js:19
iJ @ 2faed39a7e8622d7.js:19
un @ 2faed39a7e8622d7.js:19
iJ @ 2faed39a7e8622d7.js:19
un @ 2faed39a7e8622d7.js:19
iJ @ 2faed39a7e8622d7.js:19
un @ 2faed39a7e8622d7.js:19
iJ @ 2faed39a7e8622d7.js:19
un @ 2faed39a7e8622d7.js:19
iJ @ 2faed39a7e8622d7.js:19
un @ 2faed39a7e8622d7.js:19
iJ @ 2faed39a7e8622d7.js:19
un @ 2faed39a7e8622d7.js:19
iJ @ 2faed39a7e8622d7.js:19
un @ 2faed39a7e8622d7.js:19
iJ @ 2faed39a7e8622d7.js:19
un @ 2faed39a7e8622d7.js:19
iJ @ 2faed39a7e8622d7.js:19
un @ 2faed39a7e8622d7.js:19
iJ @ 2faed39a7e8622d7.js:19
un @ 2faed39a7e8622d7.js:19
iJ @ 2faed39a7e8622d7.js:19
un @ 2faed39a7e8622d7.js:19
iJ @ 2faed39a7e8622d7.js:19
un @ 2faed39a7e8622d7.js:19
iJ @ 2faed39a7e8622d7.js:19
un @ 2faed39a7e8622d7.js:19
iJ @ 2faed39a7e8622d7.js:19
un @ 2faed39a7e8622d7.js:19
iJ @ 2faed39a7e8622d7.js:19
un @ 2faed39a7e8622d7.js:19
iJ @ 2faed39a7e8622d7.js:19
un @ 2faed39a7e8622d7.js:19
iJ @ 2faed39a7e8622d7.js:19
un @ 2faed39a7e8622d7.js:19
iJ @ 2faed39a7e8622d7.js:19
un @ 2faed39a7e8622d7.js:19
iJ @ 2faed39a7e8622d7.js:19
un @ 2faed39a7e8622d7.js:19
iJ @ 2faed39a7e8622d7.js:19
un @ 2faed39a7e8622d7.js:19
iJ @ 2faed39a7e8622d7.js:19
un @ 2faed39a7e8622d7.js:19
iJ @ 2faed39a7e8622d7.js:19
un @ 2faed39a7e8622d7.js:19
iJ @ 2faed39a7e8622d7.js:19
un @ 2faed39a7e8622d7.js:19
iJ @ 2faed39a7e8622d7.js:19
un @ 2faed39a7e8622d7.js:19
iJ @ 2faed39a7e8622d7.js:19
un @ 2faed39a7e8622d7.js:19
iJ @ 2faed39a7e8622d7.js:19
un @ 2faed39a7e8622d7.js:19
iJ @ 2faed39a7e8622d7.js:19
un @ 2faed39a7e8622d7.js:19
iJ @ 2faed39a7e8622d7.js:19
un @ 2faed39a7e8622d7.js:19
iJ @ 2faed39a7e8622d7.js:19
un @ 2faed39a7e8622d7.js:19
iJ @ 2faed39a7e8622d7.js:19
un @ 2faed39a7e8622d7.js:19
iJ @ 2faed39a7e8622d7.js:19
un @ 2faed39a7e8622d7.js:19
iJ @ 2faed39a7e8622d7.js:19
un @ 2faed39a7e8622d7.js:19
iJ @ 2faed39a7e8622d7.js:19
un @ 2faed39a7e8622d7.js:19
iJ @ 2faed39a7e8622d7.js:19
un @ 2faed39a7e8622d7.js:19
iJ @ 2faed39a7e8622d7.js:19
un @ 2faed39a7e8622d7.js:19
iJ @ 2faed39a7e8622d7.js:19
un @ 2faed39a7e8622d7.js:19
iJ @ 2faed39a7e8622d7.js:19
sm @ 2faed39a7e8622d7.js:19
sc @ 2faed39a7e8622d7.js:19
u4 @ 2faed39a7e8622d7.js:19
u3 @ 2faed39a7e8622d7.js:19
sA @ 2faed39a7e8622d7.js:19
sM @ 2faed39a7e8622d7.js:19
sF @ 2faed39a7e8622d7.js:19
(anônimo) @ 2faed39a7e8622d7.js:19
57ed86115c31d155.js:1   GET https://access.volvix.com.br/api/access/companies 401 (Unauthorized)
ez @ 57ed86115c31d155.js:1
eX @ 57ed86115c31d155.js:1
eD.revalidateOnFocus @ 57ed86115c31d155.js:1
(anônimo) @ 57ed86115c31d155.js:1
(anônimo) @ 57ed86115c31d155.js:1
e @ 57ed86115c31d155.js:1
e.isPaused.e.onErrorRetry.retryCount @ 57ed86115c31d155.js:1
setTimeout
onErrorRetry @ 57ed86115c31d155.js:1
(anônimo) @ 57ed86115c31d155.js:1
await in (anônimo)
(anônimo) @ 57ed86115c31d155.js:1
ic @ 2faed39a7e8622d7.js:19
iJ @ 2faed39a7e8622d7.js:19
un @ 2faed39a7e8622d7.js:19
iJ @ 2faed39a7e8622d7.js:19
un @ 2faed39a7e8622d7.js:19
iJ @ 2faed39a7e8622d7.js:19
un @ 2faed39a7e8622d7.js:19
iJ @ 2faed39a7e8622d7.js:19
un @ 2faed39a7e8622d7.js:19
iJ @ 2faed39a7e8622d7.js:19
un @ 2faed39a7e8622d7.js:19
iJ @ 2faed39a7e8622d7.js:19
un @ 2faed39a7e8622d7.js:19
iJ @ 2faed39a7e8622d7.js:19
un @ 2faed39a7e8622d7.js:19
iJ @ 2faed39a7e8622d7.js:19
un @ 2faed39a7e8622d7.js:19
iJ @ 2faed39a7e8622d7.js:19
un @ 2faed39a7e8622d7.js:19
iJ @ 2faed39a7e8622d7.js:19
un @ 2faed39a7e8622d7.js:19
iJ @ 2faed39a7e8622d7.js:19
un @ 2faed39a7e8622d7.js:19
iJ @ 2faed39a7e8622d7.js:19
un @ 2faed39a7e8622d7.js:19
iJ @ 2faed39a7e8622d7.js:19
un @ 2faed39a7e8622d7.js:19
iJ @ 2faed39a7e8622d7.js:19
un @ 2faed39a7e8622d7.js:19
iJ @ 2faed39a7e8622d7.js:19
un @ 2faed39a7e8622d7.js:19
iJ @ 2faed39a7e8622d7.js:19
un @ 2faed39a7e8622d7.js:19
iJ @ 2faed39a7e8622d7.js:19
un @ 2faed39a7e8622d7.js:19
iJ @ 2faed39a7e8622d7.js:19
un @ 2faed39a7e8622d7.js:19
iJ @ 2faed39a7e8622d7.js:19
un @ 2faed39a7e8622d7.js:19
iJ @ 2faed39a7e8622d7.js:19
un @ 2faed39a7e8622d7.js:19
iJ @ 2faed39a7e8622d7.js:19
un @ 2faed39a7e8622d7.js:19
iJ @ 2faed39a7e8622d7.js:19
un @ 2faed39a7e8622d7.js:19
iJ @ 2faed39a7e8622d7.js:19
un @ 2faed39a7e8622d7.js:19
iJ @ 2faed39a7e8622d7.js:19
un @ 2faed39a7e8622d7.js:19
iJ @ 2faed39a7e8622d7.js:19
un @ 2faed39a7e8622d7.js:19
iJ @ 2faed39a7e8622d7.js:19
un @ 2faed39a7e8622d7.js:19
iJ @ 2faed39a7e8622d7.js:19
un @ 2faed39a7e8622d7.js:19
iJ @ 2faed39a7e8622d7.js:19
un @ 2faed39a7e8622d7.js:19
iJ @ 2faed39a7e8622d7.js:19
un @ 2faed39a7e8622d7.js:19
iJ @ 2faed39a7e8622d7.js:19
un @ 2faed39a7e8622d7.js:19
iJ @ 2faed39a7e8622d7.js:19
un @ 2faed39a7e8622d7.js:19
iJ @ 2faed39a7e8622d7.js:19
un @ 2faed39a7e8622d7.js:19
iJ @ 2faed39a7e8622d7.js:19
un @ 2faed39a7e8622d7.js:19
iJ @ 2faed39a7e8622d7.js:19
un @ 2faed39a7e8622d7.js:19
iJ @ 2faed39a7e8622d7.js:19
un @ 2faed39a7e8622d7.js:19
iJ @ 2faed39a7e8622d7.js:19
un @ 2faed39a7e8622d7.js:19
iJ @ 2faed39a7e8622d7.js:19
un @ 2faed39a7e8622d7.js:19
iJ @ 2faed39a7e8622d7.js:19
un @ 2faed39a7e8622d7.js:19
iJ @ 2faed39a7e8622d7.js:19
un @ 2faed39a7e8622d7.js:19
iJ @ 2faed39a7e8622d7.js:19
un @ 2faed39a7e8622d7.js:19
iJ @ 2faed39a7e8622d7.js:19
un @ 2faed39a7e8622d7.js:19
iJ @ 2faed39a7e8622d7.js:19
un @ 2faed39a7e8622d7.js:19
iJ @ 2faed39a7e8622d7.js:19
un @ 2faed39a7e8622d7.js:19
iJ @ 2faed39a7e8622d7.js:19
un @ 2faed39a7e8622d7.js:19
iJ @ 2faed39a7e8622d7.js:19
un @ 2faed39a7e8622d7.js:19
iJ @ 2faed39a7e8622d7.js:19
un @ 2faed39a7e8622d7.js:19
iJ @ 2faed39a7e8622d7.js:19
un @ 2faed39a7e8622d7.js:19
iJ @ 2faed39a7e8622d7.js:19
un @ 2faed39a7e8622d7.js:19
iJ @ 2faed39a7e8622d7.js:19
un @ 2faed39a7e8622d7.js:19
iJ @ 2faed39a7e8622d7.js:19
un @ 2faed39a7e8622d7.js:19
iJ @ 2faed39a7e8622d7.js:19
un @ 2faed39a7e8622d7.js:19
iJ @ 2faed39a7e8622d7.js:19
un @ 2faed39a7e8622d7.js:19
iJ @ 2faed39a7e8622d7.js:19
un @ 2faed39a7e8622d7.js:19
iJ @ 2faed39a7e8622d7.js:19
un @ 2faed39a7e8622d7.js:19
iJ @ 2faed39a7e8622d7.js:19
un @ 2faed39a7e8622d7.js:19
iJ @ 2faed39a7e8622d7.js:19
un @ 2faed39a7e8622d7.js:19
iJ @ 2faed39a7e8622d7.js:19
un @ 2faed39a7e8622d7.js:19
iJ @ 2faed39a7e8622d7.js:19
un @ 2faed39a7e8622d7.js:19
iJ @ 2faed39a7e8622d7.js:19
un @ 2faed39a7e8622d7.js:19
iJ @ 2faed39a7e8622d7.js:19
un @ 2faed39a7e8622d7.js:19
iJ @ 2faed39a7e8622d7.js:19
un @ 2faed39a7e8622d7.js:19
iJ @ 2faed39a7e8622d7.js:19
un @ 2faed39a7e8622d7.js:19
iJ @ 2faed39a7e8622d7.js:19
un @ 2faed39a7e8622d7.js:19
iJ @ 2faed39a7e8622d7.js:19
un @ 2faed39a7e8622d7.js:19
iJ @ 2faed39a7e8622d7.js:19
un @ 2faed39a7e8622d7.js:19
iJ @ 2faed39a7e8622d7.js:19
un @ 2faed39a7e8622d7.js:19
iJ @ 2faed39a7e8622d7.js:19
un @ 2faed39a7e8622d7.js:19
iJ @ 2faed39a7e8622d7.js:19
un @ 2faed39a7e8622d7.js:19
iJ @ 2faed39a7e8622d7.js:19
un @ 2faed39a7e8622d7.js:19
iJ @ 2faed39a7e8622d7.js:19
un @ 2faed39a7e8622d7.js:19
iJ @ 2faed39a7e8622d7.js:19
un @ 2faed39a7e8622d7.js:19
iJ @ 2faed39a7e8622d7.js:19
un @ 2faed39a7e8622d7.js:19
iJ @ 2faed39a7e8622d7.js:19
un @ 2faed39a7e8622d7.js:19
iJ @ 2faed39a7e8622d7.js:19
un @ 2faed39a7e8622d7.js:19
iJ @ 2faed39a7e8622d7.js:19
un @ 2faed39a7e8622d7.js:19
iJ @ 2faed39a7e8622d7.js:19
un @ 2faed39a7e8622d7.js:19
iJ @ 2faed39a7e8622d7.js:19
un @ 2faed39a7e8622d7.js:19
iJ @ 2faed39a7e8622d7.js:19
sm @ 2faed39a7e8622d7.js:19
sc @ 2faed39a7e8622d7.js:19
u4 @ 2faed39a7e8622d7.js:19
u3 @ 2faed39a7e8622d7.js:19
sA @ 2faed39a7e8622d7.js:19
sM @ 2faed39a7e8622d7.js:19
sF @ 2faed39a7e8622d7.js:19
(anônimo) @ 2faed39a7e8622d7.js:19
57ed86115c31d155.js:1   GET https://access.volvix.com.br/api/access/roles 401 (Unauthorized)
ez @ 57ed86115c31d155.js:1
eH @ 57ed86115c31d155.js:1
eD.revalidateOnFocus @ 57ed86115c31d155.js:1
(anônimo) @ 57ed86115c31d155.js:1
(anônimo) @ 57ed86115c31d155.js:1
e @ 57ed86115c31d155.js:1
e.isPaused.e.onErrorRetry.retryCount @ 57ed86115c31d155.js:1
setTimeout
onErrorRetry @ 57ed86115c31d155.js:1
(anônimo) @ 57ed86115c31d155.js:1
await in (anônimo)
(anônimo) @ 57ed86115c31d155.js:1
ic @ 2faed39a7e8622d7.js:19
iJ @ 2faed39a7e8622d7.js:19
un @ 2faed39a7e8622d7.js:19
iJ @ 2faed39a7e8622d7.js:19
un @ 2faed39a7e8622d7.js:19
iJ @ 2faed39a7e8622d7.js:19
un @ 2faed39a7e8622d7.js:19
iJ @ 2faed39a7e8622d7.js:19
un @ 2faed39a7e8622d7.js:19
iJ @ 2faed39a7e8622d7.js:19
un @ 2faed39a7e8622d7.js:19
iJ @ 2faed39a7e8622d7.js:19
un @ 2faed39a7e8622d7.js:19
iJ @ 2faed39a7e8622d7.js:19
un @ 2faed39a7e8622d7.js:19
iJ @ 2faed39a7e8622d7.js:19
un @ 2faed39a7e8622d7.js:19
iJ @ 2faed39a7e8622d7.js:19
un @ 2faed39a7e8622d7.js:19
iJ @ 2faed39a7e8622d7.js:19
un @ 2faed39a7e8622d7.js:19
iJ @ 2faed39a7e8622d7.js:19
un @ 2faed39a7e8622d7.js:19
iJ @ 2faed39a7e8622d7.js:19
un @ 2faed39a7e8622d7.js:19
iJ @ 2faed39a7e8622d7.js:19
un @ 2faed39a7e8622d7.js:19
iJ @ 2faed39a7e8622d7.js:19
un @ 2faed39a7e8622d7.js:19
iJ @ 2faed39a7e8622d7.js:19
un @ 2faed39a7e8622d7.js:19
iJ @ 2faed39a7e8622d7.js:19
un @ 2faed39a7e8622d7.js:19
iJ @ 2faed39a7e8622d7.js:19
un @ 2faed39a7e8622d7.js:19
iJ @ 2faed39a7e8622d7.js:19
un @ 2faed39a7e8622d7.js:19
iJ @ 2faed39a7e8622d7.js:19
un @ 2faed39a7e8622d7.js:19
iJ @ 2faed39a7e8622d7.js:19
un @ 2faed39a7e8622d7.js:19
iJ @ 2faed39a7e8622d7.js:19
un @ 2faed39a7e8622d7.js:19
iJ @ 2faed39a7e8622d7.js:19
un @ 2faed39a7e8622d7.js:19
iJ @ 2faed39a7e8622d7.js:19
un @ 2faed39a7e8622d7.js:19
iJ @ 2faed39a7e8622d7.js:19
un @ 2faed39a7e8622d7.js:19
iJ @ 2faed39a7e8622d7.js:19
un @ 2faed39a7e8622d7.js:19
iJ @ 2faed39a7e8622d7.js:19
un @ 2faed39a7e8622d7.js:19
iJ @ 2faed39a7e8622d7.js:19
un @ 2faed39a7e8622d7.js:19
iJ @ 2faed39a7e8622d7.js:19
un @ 2faed39a7e8622d7.js:19
iJ @ 2faed39a7e8622d7.js:19
un @ 2faed39a7e8622d7.js:19
iJ @ 2faed39a7e8622d7.js:19
un @ 2faed39a7e8622d7.js:19
iJ @ 2faed39a7e8622d7.js:19
un @ 2faed39a7e8622d7.js:19
iJ @ 2faed39a7e8622d7.js:19
un @ 2faed39a7e8622d7.js:19
iJ @ 2faed39a7e8622d7.js:19
un @ 2faed39a7e8622d7.js:19
iJ @ 2faed39a7e8622d7.js:19
un @ 2faed39a7e8622d7.js:19
iJ @ 2faed39a7e8622d7.js:19
un @ 2faed39a7e8622d7.js:19
iJ @ 2faed39a7e8622d7.js:19
un @ 2faed39a7e8622d7.js:19
iJ @ 2faed39a7e8622d7.js:19
un @ 2faed39a7e8622d7.js:19
iJ @ 2faed39a7e8622d7.js:19
un @ 2faed39a7e8622d7.js:19
iJ @ 2faed39a7e8622d7.js:19
un @ 2faed39a7e8622d7.js:19
iJ @ 2faed39a7e8622d7.js:19
un @ 2faed39a7e8622d7.js:19
iJ @ 2faed39a7e8622d7.js:19
un @ 2faed39a7e8622d7.js:19
iJ @ 2faed39a7e8622d7.js:19
un @ 2faed39a7e8622d7.js:19
iJ @ 2faed39a7e8622d7.js:19
un @ 2faed39a7e8622d7.js:19
iJ @ 2faed39a7e8622d7.js:19
un @ 2faed39a7e8622d7.js:19
iJ @ 2faed39a7e8622d7.js:19
un @ 2faed39a7e8622d7.js:19
iJ @ 2faed39a7e8622d7.js:19
un @ 2faed39a7e8622d7.js:19
iJ @ 2faed39a7e8622d7.js:19
un @ 2faed39a7e8622d7.js:19
iJ @ 2faed39a7e8622d7.js:19
un @ 2faed39a7e8622d7.js:19
iJ @ 2faed39a7e8622d7.js:19
un @ 2faed39a7e8622d7.js:19
iJ @ 2faed39a7e8622d7.js:19
un @ 2faed39a7e8622d7.js:19
iJ @ 2faed39a7e8622d7.js:19
un @ 2faed39a7e8622d7.js:19
iJ @ 2faed39a7e8622d7.js:19
un @ 2faed39a7e8622d7.js:19
iJ @ 2faed39a7e8622d7.js:19
un @ 2faed39a7e8622d7.js:19
iJ @ 2faed39a7e8622d7.js:19
un @ 2faed39a7e8622d7.js:19
iJ @ 2faed39a7e8622d7.js:19
un @ 2faed39a7e8622d7.js:19
iJ @ 2faed39a7e8622d7.js:19
un @ 2faed39a7e8622d7.js:19
iJ @ 2faed39a7e8622d7.js:19
un @ 2faed39a7e8622d7.js:19
iJ @ 2faed39a7e8622d7.js:19
un @ 2faed39a7e8622d7.js:19
iJ @ 2faed39a7e8622d7.js:19
un @ 2faed39a7e8622d7.js:19
iJ @ 2faed39a7e8622d7.js:19
un @ 2faed39a7e8622d7.js:19
iJ @ 2faed39a7e8622d7.js:19
un @ 2faed39a7e8622d7.js:19
iJ @ 2faed39a7e8622d7.js:19
un @ 2faed39a7e8622d7.js:19
iJ @ 2faed39a7e8622d7.js:19
un @ 2faed39a7e8622d7.js:19
iJ @ 2faed39a7e8622d7.js:19
un @ 2faed39a7e8622d7.js:19
iJ @ 2faed39a7e8622d7.js:19
un @ 2faed39a7e8622d7.js:19
iJ @ 2faed39a7e8622d7.js:19
un @ 2faed39a7e8622d7.js:19
iJ @ 2faed39a7e8622d7.js:19
un @ 2faed39a7e8622d7.js:19
iJ @ 2faed39a7e8622d7.js:19
un @ 2faed39a7e8622d7.js:19
iJ @ 2faed39a7e8622d7.js:19
un @ 2faed39a7e8622d7.js:19
iJ @ 2faed39a7e8622d7.js:19
un @ 2faed39a7e8622d7.js:19
iJ @ 2faed39a7e8622d7.js:19
un @ 2faed39a7e8622d7.js:19
iJ @ 2faed39a7e8622d7.js:19
un @ 2faed39a7e8622d7.js:19
iJ @ 2faed39a7e8622d7.js:19
un @ 2faed39a7e8622d7.js:19
iJ @ 2faed39a7e8622d7.js:19
un @ 2faed39a7e8622d7.js:19
iJ @ 2faed39a7e8622d7.js:19
un @ 2faed39a7e8622d7.js:19
iJ @ 2faed39a7e8622d7.js:19
un @ 2faed39a7e8622d7.js:19
iJ @ 2faed39a7e8622d7.js:19
un @ 2faed39a7e8622d7.js:19
iJ @ 2faed39a7e8622d7.js:19
sm @ 2faed39a7e8622d7.js:19
sc @ 2faed39a7e8622d7.js:19
u4 @ 2faed39a7e8622d7.js:19
u3 @ 2faed39a7e8622d7.js:19
sA @ 2faed39a7e8622d7.js:19
sM @ 2faed39a7e8622d7.js:19
sF @ 2faed39a7e8622d7.js:19
(anônimo) @ 2faed39a7e8622d7.js:19
